<?xml version="1.0" encoding="UTF-8"?>
<testng-results ignored="0" total="1" passed="1" failed="0" skipped="0">
  <reporter-output>
  </reporter-output>
  <suite started-at="2022-07-24T14:41:23 AST" name="Default suite" finished-at="2022-07-24T14:42:06 AST" duration-ms="43270">
    <groups>
    </groups>
    <test started-at="2022-07-24T14:41:23 AST" name="Default test" finished-at="2022-07-24T14:42:06 AST" duration-ms="43270">
      <class name="Day1">
        <test-method signature="xPath()[pri:0, instance:Day1@6aaceffd]" started-at="2022-07-24T14:41:23 AST" name="xPath" finished-at="2022-07-24T14:42:06 AST" duration-ms="43205" status="PASS">
          <reporter-output>
          </reporter-output>
        </test-method> <!-- xPath -->
      </class> <!-- Day1 -->
    </test> <!-- Default test -->
  </suite> <!-- Default suite -->
</testng-results>
